<?xml version="1.0" encoding="UTF-8"?>
<testsuite xmlns:xsi="http://www.w3.org/2001/XMLSchema-instance" xsi:noNamespaceSchemaLocation="https://maven.apache.org/surefire/maven-surefire-plugin/xsd/surefire-test-report-3.0.xsd" version="3.0" name="TestSuite" time="90.718" tests="52" errors="0" skipped="44" failures="4">
  <properties>
    <property name="java.specification.version" value="14"/>
    <property name="webdriver.chrome.driver" value="./lib/chromedriver.exe"/>
    <property name="sun.cpu.isalist" value="amd64"/>
    <property name="sun.jnu.encoding" value="Cp1252"/>
    <property name="java.class.path" value="C:\Users\alfin.anthonyraj\Automation_Selenium\automating_travelsite\target\test-classes;C:\Users\alfin.anthonyraj\Automation_Selenium\automating_travelsite\target\classes;C:\Users\alfin.anthonyraj\.m2\repository\org\apache\logging\log4j\log4j-api\2.13.3\log4j-api-2.13.3.jar;C:\Users\alfin.anthonyraj\.m2\repository\org\apache\logging\log4j\log4j-core\2.13.3\log4j-core-2.13.3.jar;C:\Users\alfin.anthonyraj\.m2\repository\commons-io\commons-io\2.8.0\commons-io-2.8.0.jar;C:\Users\alfin.anthonyraj\.m2\repository\org\apache\poi\poi-ooxml\4.1.2\poi-ooxml-4.1.2.jar;C:\Users\alfin.anthonyraj\.m2\repository\org\apache\poi\poi-ooxml-schemas\4.1.2\poi-ooxml-schemas-4.1.2.jar;C:\Users\alfin.anthonyraj\.m2\repository\org\apache\xmlbeans\xmlbeans\3.1.0\xmlbeans-3.1.0.jar;C:\Users\alfin.anthonyraj\.m2\repository\org\apache\commons\commons-compress\1.19\commons-compress-1.19.jar;C:\Users\alfin.anthonyraj\.m2\repository\com\github\virtuald\curvesapi\1.06\curvesapi-1.06.jar;C:\Users\alfin.anthonyraj\.m2\repository\org\apache\poi\poi\4.1.2\poi-4.1.2.jar;C:\Users\alfin.anthonyraj\.m2\repository\commons-codec\commons-codec\1.13\commons-codec-1.13.jar;C:\Users\alfin.anthonyraj\.m2\repository\org\apache\commons\commons-collections4\4.4\commons-collections4-4.4.jar;C:\Users\alfin.anthonyraj\.m2\repository\org\apache\commons\commons-math3\3.6.1\commons-math3-3.6.1.jar;C:\Users\alfin.anthonyraj\.m2\repository\com\zaxxer\SparseBitSet\1.2\SparseBitSet-1.2.jar;C:\Users\alfin.anthonyraj\.m2\repository\org\seleniumhq\selenium\selenium-java\3.141.59\selenium-java-3.141.59.jar;C:\Users\alfin.anthonyraj\.m2\repository\org\seleniumhq\selenium\selenium-api\3.141.59\selenium-api-3.141.59.jar;C:\Users\alfin.anthonyraj\.m2\repository\org\seleniumhq\selenium\selenium-chrome-driver\3.141.59\selenium-chrome-driver-3.141.59.jar;C:\Users\alfin.anthonyraj\.m2\repository\org\seleniumhq\selenium\selenium-edge-driver\3.141.59\selenium-edge-driver-3.141.59.jar;C:\Users\alfin.anthonyraj\.m2\repository\org\seleniumhq\selenium\selenium-firefox-driver\3.141.59\selenium-firefox-driver-3.141.59.jar;C:\Users\alfin.anthonyraj\.m2\repository\org\seleniumhq\selenium\selenium-ie-driver\3.141.59\selenium-ie-driver-3.141.59.jar;C:\Users\alfin.anthonyraj\.m2\repository\org\seleniumhq\selenium\selenium-opera-driver\3.141.59\selenium-opera-driver-3.141.59.jar;C:\Users\alfin.anthonyraj\.m2\repository\org\seleniumhq\selenium\selenium-remote-driver\3.141.59\selenium-remote-driver-3.141.59.jar;C:\Users\alfin.anthonyraj\.m2\repository\org\seleniumhq\selenium\selenium-safari-driver\3.141.59\selenium-safari-driver-3.141.59.jar;C:\Users\alfin.anthonyraj\.m2\repository\org\seleniumhq\selenium\selenium-support\3.141.59\selenium-support-3.141.59.jar;C:\Users\alfin.anthonyraj\.m2\repository\net\bytebuddy\byte-buddy\1.8.15\byte-buddy-1.8.15.jar;C:\Users\alfin.anthonyraj\.m2\repository\org\apache\commons\commons-exec\1.3\commons-exec-1.3.jar;C:\Users\alfin.anthonyraj\.m2\repository\com\google\guava\guava\25.0-jre\guava-25.0-jre.jar;C:\Users\alfin.anthonyraj\.m2\repository\com\google\code\findbugs\jsr305\1.3.9\jsr305-1.3.9.jar;C:\Users\alfin.anthonyraj\.m2\repository\org\checkerframework\checker-compat-qual\2.0.0\checker-compat-qual-2.0.0.jar;C:\Users\alfin.anthonyraj\.m2\repository\com\google\errorprone\error_prone_annotations\2.1.3\error_prone_annotations-2.1.3.jar;C:\Users\alfin.anthonyraj\.m2\repository\com\google\j2objc\j2objc-annotations\1.1\j2objc-annotations-1.1.jar;C:\Users\alfin.anthonyraj\.m2\repository\org\codehaus\mojo\animal-sniffer-annotations\1.14\animal-sniffer-annotations-1.14.jar;C:\Users\alfin.anthonyraj\.m2\repository\com\squareup\okhttp3\okhttp\3.11.0\okhttp-3.11.0.jar;C:\Users\alfin.anthonyraj\.m2\repository\com\squareup\okio\okio\1.14.0\okio-1.14.0.jar;C:\Users\alfin.anthonyraj\.m2\repository\org\testng\testng\7.3.0\testng-7.3.0.jar;C:\Users\alfin.anthonyraj\.m2\repository\com\beust\jcommander\1.78\jcommander-1.78.jar;C:\Users\alfin.anthonyraj\.m2\repository\org\apache\ant\ant\1.10.3\ant-1.10.3.jar;C:\Users\alfin.anthonyraj\.m2\repository\org\apache\ant\ant-launcher\1.10.3\ant-launcher-1.10.3.jar;C:\Users\alfin.anthonyraj\.m2\repository\junit\junit\4.12\junit-4.12.jar;C:\Users\alfin.anthonyraj\.m2\repository\org\hamcrest\hamcrest-core\1.3\hamcrest-core-1.3.jar;C:\Users\alfin.anthonyraj\.m2\repository\com\google\inject\guice\4.2.2\guice-4.2.2-no_aop.jar;C:\Users\alfin.anthonyraj\.m2\repository\javax\inject\javax.inject\1\javax.inject-1.jar;C:\Users\alfin.anthonyraj\.m2\repository\aopalliance\aopalliance\1.0\aopalliance-1.0.jar;C:\Users\alfin.anthonyraj\.m2\repository\org\yaml\snakeyaml\1.21\snakeyaml-1.21.jar;"/>
    <property name="java.vm.vendor" value="Oracle Corporation"/>
    <property name="sun.arch.data.model" value="64"/>
    <property name="user.variant" value=""/>
    <property name="java.vendor.url" value="https://java.oracle.com/"/>
    <property name="user.timezone" value="Asia/Calcutta"/>
    <property name="os.name" value="Windows 10"/>
    <property name="java.vm.specification.version" value="14"/>
    <property name="sun.java.launcher" value="SUN_STANDARD"/>
    <property name="user.country" value="IN"/>
    <property name="sun.boot.library.path" value="C:\Program Files\Java\jdk-14.0.1\bin"/>
    <property name="sun.java.command" value="C:\Users\alfin.anthonyraj\AppData\Local\Temp\surefire5043448029602227309\surefirebooter4131892784210549604.jar C:\Users\alfin.anthonyraj\AppData\Local\Temp\surefire5043448029602227309 2020-10-07T11-48-13_977-jvmRun1 surefire16179310854064229376tmp surefire_010364942864475225565tmp"/>
    <property name="jdk.debug" value="release"/>
    <property name="surefire.test.class.path" value="C:\Users\alfin.anthonyraj\Automation_Selenium\automating_travelsite\target\test-classes;C:\Users\alfin.anthonyraj\Automation_Selenium\automating_travelsite\target\classes;C:\Users\alfin.anthonyraj\.m2\repository\org\apache\logging\log4j\log4j-api\2.13.3\log4j-api-2.13.3.jar;C:\Users\alfin.anthonyraj\.m2\repository\org\apache\logging\log4j\log4j-core\2.13.3\log4j-core-2.13.3.jar;C:\Users\alfin.anthonyraj\.m2\repository\commons-io\commons-io\2.8.0\commons-io-2.8.0.jar;C:\Users\alfin.anthonyraj\.m2\repository\org\apache\poi\poi-ooxml\4.1.2\poi-ooxml-4.1.2.jar;C:\Users\alfin.anthonyraj\.m2\repository\org\apache\poi\poi-ooxml-schemas\4.1.2\poi-ooxml-schemas-4.1.2.jar;C:\Users\alfin.anthonyraj\.m2\repository\org\apache\xmlbeans\xmlbeans\3.1.0\xmlbeans-3.1.0.jar;C:\Users\alfin.anthonyraj\.m2\repository\org\apache\commons\commons-compress\1.19\commons-compress-1.19.jar;C:\Users\alfin.anthonyraj\.m2\repository\com\github\virtuald\curvesapi\1.06\curvesapi-1.06.jar;C:\Users\alfin.anthonyraj\.m2\repository\org\apache\poi\poi\4.1.2\poi-4.1.2.jar;C:\Users\alfin.anthonyraj\.m2\repository\commons-codec\commons-codec\1.13\commons-codec-1.13.jar;C:\Users\alfin.anthonyraj\.m2\repository\org\apache\commons\commons-collections4\4.4\commons-collections4-4.4.jar;C:\Users\alfin.anthonyraj\.m2\repository\org\apache\commons\commons-math3\3.6.1\commons-math3-3.6.1.jar;C:\Users\alfin.anthonyraj\.m2\repository\com\zaxxer\SparseBitSet\1.2\SparseBitSet-1.2.jar;C:\Users\alfin.anthonyraj\.m2\repository\org\seleniumhq\selenium\selenium-java\3.141.59\selenium-java-3.141.59.jar;C:\Users\alfin.anthonyraj\.m2\repository\org\seleniumhq\selenium\selenium-api\3.141.59\selenium-api-3.141.59.jar;C:\Users\alfin.anthonyraj\.m2\repository\org\seleniumhq\selenium\selenium-chrome-driver\3.141.59\selenium-chrome-driver-3.141.59.jar;C:\Users\alfin.anthonyraj\.m2\repository\org\seleniumhq\selenium\selenium-edge-driver\3.141.59\selenium-edge-driver-3.141.59.jar;C:\Users\alfin.anthonyraj\.m2\repository\org\seleniumhq\selenium\selenium-firefox-driver\3.141.59\selenium-firefox-driver-3.141.59.jar;C:\Users\alfin.anthonyraj\.m2\repository\org\seleniumhq\selenium\selenium-ie-driver\3.141.59\selenium-ie-driver-3.141.59.jar;C:\Users\alfin.anthonyraj\.m2\repository\org\seleniumhq\selenium\selenium-opera-driver\3.141.59\selenium-opera-driver-3.141.59.jar;C:\Users\alfin.anthonyraj\.m2\repository\org\seleniumhq\selenium\selenium-remote-driver\3.141.59\selenium-remote-driver-3.141.59.jar;C:\Users\alfin.anthonyraj\.m2\repository\org\seleniumhq\selenium\selenium-safari-driver\3.141.59\selenium-safari-driver-3.141.59.jar;C:\Users\alfin.anthonyraj\.m2\repository\org\seleniumhq\selenium\selenium-support\3.141.59\selenium-support-3.141.59.jar;C:\Users\alfin.anthonyraj\.m2\repository\net\bytebuddy\byte-buddy\1.8.15\byte-buddy-1.8.15.jar;C:\Users\alfin.anthonyraj\.m2\repository\org\apache\commons\commons-exec\1.3\commons-exec-1.3.jar;C:\Users\alfin.anthonyraj\.m2\repository\com\google\guava\guava\25.0-jre\guava-25.0-jre.jar;C:\Users\alfin.anthonyraj\.m2\repository\com\google\code\findbugs\jsr305\1.3.9\jsr305-1.3.9.jar;C:\Users\alfin.anthonyraj\.m2\repository\org\checkerframework\checker-compat-qual\2.0.0\checker-compat-qual-2.0.0.jar;C:\Users\alfin.anthonyraj\.m2\repository\com\google\errorprone\error_prone_annotations\2.1.3\error_prone_annotations-2.1.3.jar;C:\Users\alfin.anthonyraj\.m2\repository\com\google\j2objc\j2objc-annotations\1.1\j2objc-annotations-1.1.jar;C:\Users\alfin.anthonyraj\.m2\repository\org\codehaus\mojo\animal-sniffer-annotations\1.14\animal-sniffer-annotations-1.14.jar;C:\Users\alfin.anthonyraj\.m2\repository\com\squareup\okhttp3\okhttp\3.11.0\okhttp-3.11.0.jar;C:\Users\alfin.anthonyraj\.m2\repository\com\squareup\okio\okio\1.14.0\okio-1.14.0.jar;C:\Users\alfin.anthonyraj\.m2\repository\org\testng\testng\7.3.0\testng-7.3.0.jar;C:\Users\alfin.anthonyraj\.m2\repository\com\beust\jcommander\1.78\jcommander-1.78.jar;C:\Users\alfin.anthonyraj\.m2\repository\org\apache\ant\ant\1.10.3\ant-1.10.3.jar;C:\Users\alfin.anthonyraj\.m2\repository\org\apache\ant\ant-launcher\1.10.3\ant-launcher-1.10.3.jar;C:\Users\alfin.anthonyraj\.m2\repository\junit\junit\4.12\junit-4.12.jar;C:\Users\alfin.anthonyraj\.m2\repository\org\hamcrest\hamcrest-core\1.3\hamcrest-core-1.3.jar;C:\Users\alfin.anthonyraj\.m2\repository\com\google\inject\guice\4.2.2\guice-4.2.2-no_aop.jar;C:\Users\alfin.anthonyraj\.m2\repository\javax\inject\javax.inject\1\javax.inject-1.jar;C:\Users\alfin.anthonyraj\.m2\repository\aopalliance\aopalliance\1.0\aopalliance-1.0.jar;C:\Users\alfin.anthonyraj\.m2\repository\org\yaml\snakeyaml\1.21\snakeyaml-1.21.jar;"/>
    <property name="sun.cpu.endian" value="little"/>
    <property name="user.home" value="C:\Users\alfin.anthonyraj"/>
    <property name="user.language" value="en"/>
    <property name="java.specification.vendor" value="Oracle Corporation"/>
    <property name="java.version.date" value="2020-04-14"/>
    <property name="java.home" value="C:\Program Files\Java\jdk-14.0.1"/>
    <property name="file.separator" value="\"/>
    <property name="basedir" value="C:\Users\alfin.anthonyraj\Automation_Selenium\automating_travelsite"/>
    <property name="java.vm.compressedOopsMode" value="32-bit"/>
    <property name="line.separator" value="&#10;"/>
    <property name="java.vm.specification.vendor" value="Oracle Corporation"/>
    <property name="java.specification.name" value="Java Platform API Specification"/>
    <property name="surefire.real.class.path" value="C:\Users\alfin.anthonyraj\AppData\Local\Temp\surefire5043448029602227309\surefirebooter4131892784210549604.jar"/>
    <property name="user.script" value=""/>
    <property name="sun.management.compiler" value="HotSpot 64-Bit Tiered Compilers"/>
    <property name="java.runtime.version" value="14.0.1+7"/>
    <property name="user.name" value="Alfin.Anthonyraj"/>
    <property name="path.separator" value=";"/>
    <property name="os.version" value="10.0"/>
    <property name="java.runtime.name" value="Java(TM) SE Runtime Environment"/>
    <property name="file.encoding" value="Cp1252"/>
    <property name="java.vm.name" value="Java HotSpot(TM) 64-Bit Server VM"/>
    <property name="localRepository" value="C:\Users\alfin.anthonyraj\.m2\repository"/>
    <property name="java.vendor.url.bug" value="https://bugreport.java.com/bugreport/"/>
    <property name="java.io.tmpdir" value="C:\Users\ALFIN~1.ANT\AppData\Local\Temp\"/>
    <property name="java.version" value="14.0.1"/>
    <property name="user.dir" value="C:\Users\alfin.anthonyraj\Automation_Selenium\automating_travelsite"/>
    <property name="os.arch" value="amd64"/>
    <property name="webdriver.gecko.driver" value="./lib/geckodriver.exe"/>
    <property name="java.vm.specification.name" value="Java Virtual Machine Specification"/>
    <property name="sun.os.patch.level" value=""/>
    <property name="java.library.path" value="C:\Program Files\Java\jdk-14.0.1\bin;C:\Windows\Sun\Java\bin;C:\Windows\system32;C:\Windows;C:/Program Files/Java/jdk-14.0.1/bin/server;C:/Program Files/Java/jdk-14.0.1/bin;C:\Python38\Scripts\;C:\Python38\;C:\Windows\system32;C:\Windows;C:\Windows\System32\Wbem;C:\Windows\System32\WindowsPowerShell\v1.0\;C:\Windows\System32\OpenSSH\;C:\ProgramData\chocolatey\bin;C:\Program Files\nodejs\;C:\Program Files\Git\cmd;C:\Program Files\Git\mingw64\bin;C:\Program Files\Git\usr\bin;C:\Program Files\Java\jdk-14.0.1\bin;C:\Program Files\apache-maven-3.6.3\bin;C:\Users\alfin.anthonyraj\eclipse\java-2020-032\eclipse;;."/>
    <property name="java.vm.info" value="mixed mode, sharing"/>
    <property name="java.vendor" value="Oracle Corporation"/>
    <property name="java.vm.version" value="14.0.1+7"/>
    <property name="sun.io.unicode.encoding" value="UnicodeLittle"/>
    <property name="java.class.version" value="58.0"/>
  </properties>
  <testcase name="searchingFlight[Chennai, Hyderabad](1)" classname="com.atmecs.automating_travelsite.tests.SearchingFlight" time="1.184">
    <system-out><![CDATA[https://www.skyscanner.co.in/
searchingFlight Startded!!
]]></system-out>
    <system-err><![CDATA[Starting ChromeDriver 85.0.4183.83 (94abc2237ae0c9a4cb5f035431c8adfb94324633-refs/branch-heads/4183@{#1658}) on port 19688
Only local connections are allowed.
Please see https://chromedriver.chromium.org/security-considerations for suggestions on keeping ChromeDriver safe.
ChromeDriver was started successfully.
1602051497173	geckodriver	INFO	Listening on 127.0.0.1:19234
1602051497590	mozrunner::runner	INFO	Running command: "C:\\Program Files\\Mozilla Firefox\\firefox.exe" "--marionette" "-foreground" "-no-remote" "-profile" "C:\\Users\\ALFIN~1.ANT\\AppData\\Local\\Temp\\rust_mozprofilekQdLkh"
JavaScript error: resource://gre/modules/XULStore.jsm, line 66: Error: Can't find profile directory.
console.error: SearchCache: "_readCacheFile: Error reading cache file:" (new Error("", "(unknown module)"))
Oct 07, 2020 11:48:20 AM org.openqa.selenium.remote.ProtocolHandshake createSession
INFO: Detected dialect: W3C
1602051500746	Marionette	INFO	Listening on port 53414
1602051501302	Marionette	WARN	TLS certificate errors will be ignored for this session
Oct 07, 2020 11:48:21 AM org.openqa.selenium.remote.ProtocolHandshake createSession
INFO: Detected dialect: W3C
]]></system-err>
  </testcase>
  <testcase name="searchingFlight[Chennai, Hyderabad](1)" classname="com.atmecs.automating_travelsite.tests.SearchingFlight" time="2.634">
    <system-out><![CDATA[searchingFlight Passed!!
https://www.skyscanner.co.in/
searchingFlight Startded!!
]]></system-out>
    <system-err><![CDATA[Starting ChromeDriver 85.0.4183.83 (94abc2237ae0c9a4cb5f035431c8adfb94324633-refs/branch-heads/4183@{#1658}) on port 2951
Only local connections are allowed.
Please see https://chromedriver.chromium.org/security-considerations for suggestions on keeping ChromeDriver safe.
ChromeDriver was started successfully.
1602051546269	Marionette	WARN	TimedPromise timed out after 500 ms: stacktrace:
TimedPromise/<@chrome://marionette/content/sync.js:245:13
TimedPromise@chrome://marionette/content/sync.js:230:10
interaction.flushEventLoop@chrome://marionette/content/interaction.js:416:10
webdriverClickElement@chrome://marionette/content/interaction.js:182:31
]]></system-err>
  </testcase>
  <testcase name="searchingFlight[Coimbatore, Chennai](2)" classname="com.atmecs.automating_travelsite.tests.SearchingFlight" time="2.69">
    <system-out><![CDATA[searchingFlight Passed!!
https://www.skyscanner.co.in/
https://www.skyscanner.co.in/
searchingFlight Startded!!
searchingFlight Startded!!
]]></system-out>
    <system-err><![CDATA[Oct 07, 2020 11:49:07 AM org.openqa.selenium.remote.ProtocolHandshake createSession
INFO: Detected dialect: W3C
1602051547817	Marionette	INFO	Stopped listening on port 53414
[Child 15060, Chrome_ChildThread] WARNING: pipe error: 232: file /builds/worker/checkouts/gecko/ipc/chromium/src/chrome/common/ipc_channel_win.cc, line 545
[Child 15060, Chrome_ChildThread] WARNING: pipe error: 232: file /builds/worker/checkouts/gecko/ipc/chromium/src/chrome/common/ipc_channel_win.cc, line 545
[Child 15060, Chrome_ChildThread] WARNING: pipe error: 232: file /builds/worker/checkouts/gecko/ipc/chromium/src/chrome/common/ipc_channel_win.cc, line 545
[Child 15060, Chrome_ChildThread] WARNING: pipe error: 232: file /builds/worker/checkouts/gecko/ipc/chromium/src/chrome/common/ipc_channel_win.cc, line 545

###!!! [Child][RunMessage] Error: Channel closing: too late to send/recv, messages will be lost


###!!! [Child][RunMessage] Error: Channel closing: too late to send/recv, messages will be lost


###!!! [Child][RunMessage] Error: Channel closing: too late to send/recv, messages will be lost


###!!! [Child][RunMessage] Error: Channel closing: too late to send/recv, messages will be lost


###!!! [Child][MessageChannel::SendAndWait] Error: Channel error: cannot send/recv

1602051549546	geckodriver	INFO	Listening on 127.0.0.1:37269
1602051550007	mozrunner::runner	INFO	Running command: "C:\\Program Files\\Mozilla Firefox\\firefox.exe" "--marionette" "-foreground" "-no-remote" "-profile" "C:\\Users\\ALFIN~1.ANT\\AppData\\Local\\Temp\\rust_mozprofileVIEE1s"
JavaScript error: resource://gre/modules/XULStore.jsm, line 66: Error: Can't find profile directory.
console.error: SearchCache: "_readCacheFile: Error reading cache file:" (new Error("", "(unknown module)"))
1602051553032	Marionette	INFO	Listening on port 53659
1602051553150	Marionette	WARN	TLS certificate errors will be ignored for this session
Oct 07, 2020 11:49:13 AM org.openqa.selenium.remote.ProtocolHandshake createSession
INFO: Detected dialect: W3C
1602051563900	Marionette	WARN	TimedPromise timed out after 500 ms: stacktrace:
TimedPromise/<@chrome://marionette/content/sync.js:245:13
TimedPromise@chrome://marionette/content/sync.js:230:10
interaction.flushEventLoop@chrome://marionette/content/interaction.js:416:10
webdriverClickElement@chrome://marionette/content/interaction.js:182:31
1602051564630	Marionette	WARN	TimedPromise timed out after 500 ms: stacktrace:
TimedPromise/<@chrome://marionette/content/sync.js:245:13
TimedPromise@chrome://marionette/content/sync.js:230:10
interaction.flushEventLoop@chrome://marionette/content/interaction.js:416:10
webdriverClickElement@chrome://marionette/content/interaction.js:182:31
]]></system-err>
  </testcase>
  <testcase name="searchingFlight[Coimbatore, Chennai](2)" classname="com.atmecs.automating_travelsite.tests.SearchingFlight" time="3.511">
    <system-out><![CDATA[searchingFlight Passed!!
]]></system-out>
  </testcase>
  <testcase name="beforeTest[chrome](0)" classname="com.atmecs.automating_travelsite.tests.SearchingFlight" time="13.424">
    <failure message="expected [https://www.skyscanner.co.in/] but found [https://www.skyscanner.co.in/sttc/px/captcha-v2/index.html?url=Lz8=&amp;uuid=120775d0-0865-11eb-a3b0-3da338be9c10&amp;vid=]" type="java.lang.AssertionError"><![CDATA[java.lang.AssertionError: expected [https://www.skyscanner.co.in/] but found [https://www.skyscanner.co.in/sttc/px/captcha-v2/index.html?url=Lz8=&uuid=120775d0-0865-11eb-a3b0-3da338be9c10&vid=]
]]></failure>
    <system-out><![CDATA[searchingFlight Passed!!
https://www.skyscanner.co.in/sttc/px/captcha-v2/index.html?url=Lz8=&uuid=120775d0-0865-11eb-a3b0-3da338be9c10&vid=
]]></system-out>
    <system-err><![CDATA[1602051567430	Marionette	INFO	Stopped listening on port 53659
[Child 7416, Chrome_ChildThread] WARNING: pipe error: 232: file /builds/worker/checkouts/gecko/ipc/chromium/src/chrome/common/ipc_channel_win.cc, line 545

###!!! [Child][RunMessage] Error: Channel closing: too late to send/recv, messages will be lost


###!!! [Child][RunMessage] Error: Channel closing: too late to send/recv, messages will be lost


###!!! [Child][RunMessage] Error: Channel closing: too late to send/recv, messages will be lost


###!!! [Child][RunMessage] Error: Channel closing: too late to send/recv, messages will be lost


###!!! [Child][MessageChannel::SendAndWait] Error: Channel error: cannot send/recv

1602051571341	geckodriver	INFO	Listening on 127.0.0.1:30890
Starting ChromeDriver 85.0.4183.83 (94abc2237ae0c9a4cb5f035431c8adfb94324633-refs/branch-heads/4183@{#1658}) on port 42327
Only local connections are allowed.
Please see https://chromedriver.chromium.org/security-considerations for suggestions on keeping ChromeDriver safe.
ChromeDriver was started successfully.
1602051571818	mozrunner::runner	INFO	Running command: "C:\\Program Files\\Mozilla Firefox\\firefox.exe" "--marionette" "-foreground" "-no-remote" "-profile" "C:\\Users\\ALFIN~1.ANT\\AppData\\Local\\Temp\\rust_mozprofileq8nfxn"
JavaScript error: resource://gre/modules/XULStore.jsm, line 66: Error: Can't find profile directory.
console.error: SearchCache: "_readCacheFile: Error reading cache file:" (new Error("", "(unknown module)"))
Oct 07, 2020 11:49:34 AM org.openqa.selenium.remote.ProtocolHandshake createSession
INFO: Detected dialect: W3C
1602051575163	Marionette	INFO	Listening on port 53811
1602051575466	Marionette	WARN	TLS certificate errors will be ignored for this session
Oct 07, 2020 11:49:35 AM org.openqa.selenium.remote.ProtocolHandshake createSession
INFO: Detected dialect: W3C
]]></system-err>
  </testcase>
  <testcase name="searchingFlight[Chennai, Bangalore](3)" classname="com.atmecs.automating_travelsite.tests.SearchingFlight" time="0">
    <skipped message="expected [https://www.skyscanner.co.in/] but found [https://www.skyscanner.co.in/sttc/px/captcha-v2/index.html?url=Lz8=&amp;uuid=120775d0-0865-11eb-a3b0-3da338be9c10&amp;vid=]"/>
    <system-out><![CDATA[searchingFlight Startded!!
]]></system-out>
  </testcase>
  <testcase name="searchingFlight[Chennai, Bangalore](3)" classname="com.atmecs.automating_travelsite.tests.SearchingFlight" time="0">
    <skipped message="expected [https://www.skyscanner.co.in/] but found [https://www.skyscanner.co.in/sttc/px/captcha-v2/index.html?url=Lz8=&amp;uuid=12875430-0865-11eb-b8f3-a759af19e9df&amp;vid=]"/>
    <system-out><![CDATA[searchingFlight Startded!!
]]></system-out>
  </testcase>
  <testcase name="afterTest" classname="com.atmecs.automating_travelsite.tests.SearchingFlight" time="0">
    <skipped/>
    <system-out><![CDATA[Skipped TestCase: searchingFlight
]]></system-out>
  </testcase>
  <testcase name="afterTest" classname="com.atmecs.automating_travelsite.tests.SearchingFlight" time="0">
    <skipped/>
    <system-out><![CDATA[Skipped TestCase: searchingFlight
]]></system-out>
  </testcase>
  <testcase name="afterTest" classname="com.atmecs.automating_travelsite.tests.SearchingFlight" time="0">
    <skipped/>
    <system-out><![CDATA[Skipped TestCase: searchingFlight
]]></system-out>
  </testcase>
  <testcase name="afterTest" classname="com.atmecs.automating_travelsite.tests.SearchingFlight" time="0">
    <skipped/>
    <system-out><![CDATA[Skipped TestCase: searchingFlight
]]></system-out>
  </testcase>
  <testcase name="afterTest" classname="com.atmecs.automating_travelsite.tests.SearchingFlight" time="0">
    <skipped/>
    <system-out><![CDATA[Skipped TestCase: searchingFlight
]]></system-out>
  </testcase>
  <testcase name="afterTest" classname="com.atmecs.automating_travelsite.tests.SearchingFlight" time="0">
    <skipped/>
    <system-out><![CDATA[Skipped TestCase: searchingFlight
]]></system-out>
  </testcase>
  <testcase name="beforeTest" classname="com.atmecs.automating_travelsite.tests.SearchingFlight" time="0">
    <skipped/>
  </testcase>
  <testcase name="beforeTest" classname="com.atmecs.automating_travelsite.tests.SearchingFlight" time="0">
    <skipped/>
  </testcase>
  <testcase name="beforeTest" classname="com.atmecs.automating_travelsite.tests.SearchingFlight" time="0">
    <skipped/>
  </testcase>
  <testcase name="beforeTest" classname="com.atmecs.automating_travelsite.tests.SearchingFlight" time="0">
    <skipped/>
  </testcase>
  <testcase name="searchingFlight[Bangalore, Chennai](4)" classname="com.atmecs.automating_travelsite.tests.SearchingFlight" time="0">
    <skipped message="expected [https://www.skyscanner.co.in/] but found [https://www.skyscanner.co.in/sttc/px/captcha-v2/index.html?url=Lz8=&amp;uuid=120775d0-0865-11eb-a3b0-3da338be9c10&amp;vid=]"/>
    <system-out><![CDATA[searchingFlight Startded!!
]]></system-out>
  </testcase>
  <testcase name="searchingFlight[Bangalore, Chennai](4)" classname="com.atmecs.automating_travelsite.tests.SearchingFlight" time="0">
    <skipped message="expected [https://www.skyscanner.co.in/] but found [https://www.skyscanner.co.in/sttc/px/captcha-v2/index.html?url=Lz8=&amp;uuid=12875430-0865-11eb-b8f3-a759af19e9df&amp;vid=]"/>
    <system-out><![CDATA[searchingFlight Startded!!
]]></system-out>
  </testcase>
  <testcase name="searchingFlight[Hyderabad, Chennai](5)" classname="com.atmecs.automating_travelsite.tests.SearchingFlight" time="0">
    <skipped message="expected [https://www.skyscanner.co.in/] but found [https://www.skyscanner.co.in/sttc/px/captcha-v2/index.html?url=Lz8=&amp;uuid=120775d0-0865-11eb-a3b0-3da338be9c10&amp;vid=]"/>
    <system-out><![CDATA[searchingFlight Startded!!
]]></system-out>
  </testcase>
  <testcase name="searchingFlight[Hyderabad, Chennai](5)" classname="com.atmecs.automating_travelsite.tests.SearchingFlight" time="0">
    <skipped message="expected [https://www.skyscanner.co.in/] but found [https://www.skyscanner.co.in/sttc/px/captcha-v2/index.html?url=Lz8=&amp;uuid=12875430-0865-11eb-b8f3-a759af19e9df&amp;vid=]"/>
    <system-out><![CDATA[searchingFlight Startded!!
]]></system-out>
  </testcase>
  <testcase name="beforeTest[firefox](0)" classname="com.atmecs.automating_travelsite.tests.SearchingFlight" time="0.935">
    <failure message="expected [https://www.skyscanner.co.in/] but found [https://www.skyscanner.co.in/sttc/px/captcha-v2/index.html?url=Lz8=&amp;uuid=12875430-0865-11eb-b8f3-a759af19e9df&amp;vid=]" type="java.lang.AssertionError"><![CDATA[java.lang.AssertionError: expected [https://www.skyscanner.co.in/] but found [https://www.skyscanner.co.in/sttc/px/captcha-v2/index.html?url=Lz8=&uuid=12875430-0865-11eb-b8f3-a759af19e9df&vid=]
]]></failure>
    <system-out><![CDATA[https://www.skyscanner.co.in/sttc/px/captcha-v2/index.html?url=Lz8=&uuid=12875430-0865-11eb-b8f3-a759af19e9df&vid=
]]></system-out>
    <system-err><![CDATA[Starting ChromeDriver 85.0.4183.83 (94abc2237ae0c9a4cb5f035431c8adfb94324633-refs/branch-heads/4183@{#1658}) on port 3425
Only local connections are allowed.
Please see https://chromedriver.chromium.org/security-considerations for suggestions on keeping ChromeDriver safe.
ChromeDriver was started successfully.
]]></system-err>
  </testcase>
  <testcase name="beforeTest[chrome](0)" classname="com.atmecs.automating_travelsite.tests.HandlingWindow" time="4.507">
    <failure message="expected [https://www.skyscanner.co.in/] but found [https://www.skyscanner.co.in/sttc/px/captcha-v2/index.html?url=Lz8=&amp;uuid=15148ec0-0865-11eb-863a-ad0b18ccb4b0&amp;vid=]" type="java.lang.AssertionError"><![CDATA[java.lang.AssertionError: expected [https://www.skyscanner.co.in/] but found [https://www.skyscanner.co.in/sttc/px/captcha-v2/index.html?url=Lz8=&uuid=15148ec0-0865-11eb-863a-ad0b18ccb4b0&vid=]
]]></failure>
    <system-out><![CDATA[https://www.skyscanner.co.in/sttc/px/captcha-v2/index.html?url=Lz8=&uuid=15148ec0-0865-11eb-863a-ad0b18ccb4b0&vid=
]]></system-out>
    <system-err><![CDATA[1602051577538	geckodriver	INFO	Listening on 127.0.0.1:46171
1602051577776	mozrunner::runner	INFO	Running command: "C:\\Program Files\\Mozilla Firefox\\firefox.exe" "--marionette" "-foreground" "-no-remote" "-profile" "C:\\Users\\ALFIN~1.ANT\\AppData\\Local\\Temp\\rust_mozprofileZqgRw3"
Oct 07, 2020 11:49:39 AM org.openqa.selenium.remote.ProtocolHandshake createSession
INFO: Detected dialect: W3C
JavaScript error: resource://gre/modules/XULStore.jsm, line 66: Error: Can't find profile directory.
console.error: SearchCache: "_readCacheFile: Error reading cache file:" (new Error("", "(unknown module)"))
]]></system-err>
  </testcase>
  <testcase name="handlingWindow[shanealfin720@gmail.com, alfinxavier.a](1)" classname="com.atmecs.automating_travelsite.tests.HandlingWindow" time="0">
    <skipped message="expected [https://www.skyscanner.co.in/] but found [https://www.skyscanner.co.in/sttc/px/captcha-v2/index.html?url=Lz8=&amp;uuid=15148ec0-0865-11eb-863a-ad0b18ccb4b0&amp;vid=]"/>
    <system-out><![CDATA[handlingWindow Startded!!
]]></system-out>
  </testcase>
  <testcase name="handlingWindow[shanealfin720@gmail.com, alfinxavier.a](1)" classname="com.atmecs.automating_travelsite.tests.HandlingWindow" time="0">
    <skipped message="expected [https://www.skyscanner.co.in/] but found [https://www.skyscanner.co.in/sttc/px/captcha-v2/index.html?url=Lz8=&amp;uuid=17145660-0865-11eb-ba71-d70f9ea848c2&amp;vid=]"/>
    <system-out><![CDATA[handlingWindow Startded!!
]]></system-out>
  </testcase>
  <testcase name="afterTest" classname="com.atmecs.automating_travelsite.tests.HandlingWindow" time="0">
    <skipped/>
    <system-out><![CDATA[Skipped TestCase: handlingWindow
]]></system-out>
  </testcase>
  <testcase name="afterTest" classname="com.atmecs.automating_travelsite.tests.HandlingWindow" time="0">
    <skipped/>
    <system-out><![CDATA[Skipped TestCase: handlingWindow
]]></system-out>
  </testcase>
  <testcase name="afterTest" classname="com.atmecs.automating_travelsite.tests.HandlingWindow" time="0">
    <skipped/>
    <system-out><![CDATA[Skipped TestCase: handlingWindow
]]></system-out>
  </testcase>
  <testcase name="afterTest" classname="com.atmecs.automating_travelsite.tests.HandlingWindow" time="0">
    <skipped/>
    <system-out><![CDATA[Skipped TestCase: handlingWindow
]]></system-out>
  </testcase>
  <testcase name="afterTest" classname="com.atmecs.automating_travelsite.tests.HandlingWindow" time="0">
    <skipped/>
    <system-out><![CDATA[Skipped TestCase: handlingWindow
]]></system-out>
  </testcase>
  <testcase name="afterTest" classname="com.atmecs.automating_travelsite.tests.HandlingWindow" time="0">
    <skipped/>
    <system-out><![CDATA[Skipped TestCase: handlingWindow
]]></system-out>
  </testcase>
  <testcase name="afterTest" classname="com.atmecs.automating_travelsite.tests.HandlingWindow" time="0">
    <skipped/>
    <system-out><![CDATA[Skipped TestCase: handlingWindow
]]></system-out>
  </testcase>
  <testcase name="afterTest" classname="com.atmecs.automating_travelsite.tests.HandlingWindow" time="0">
    <skipped/>
    <system-out><![CDATA[Skipped TestCase: handlingWindow
]]></system-out>
  </testcase>
  <testcase name="afterTest" classname="com.atmecs.automating_travelsite.tests.HandlingWindow" time="0">
    <skipped/>
    <system-out><![CDATA[Skipped TestCase: handlingWindow
]]></system-out>
  </testcase>
  <testcase name="afterTest" classname="com.atmecs.automating_travelsite.tests.HandlingWindow" time="0">
    <skipped/>
    <system-out><![CDATA[Skipped TestCase: handlingWindow
]]></system-out>
  </testcase>
  <testcase name="beforeTest" classname="com.atmecs.automating_travelsite.tests.HandlingWindow" time="0">
    <skipped/>
  </testcase>
  <testcase name="beforeTest" classname="com.atmecs.automating_travelsite.tests.HandlingWindow" time="0">
    <skipped/>
  </testcase>
  <testcase name="beforeTest" classname="com.atmecs.automating_travelsite.tests.HandlingWindow" time="0">
    <skipped/>
  </testcase>
  <testcase name="beforeTest" classname="com.atmecs.automating_travelsite.tests.HandlingWindow" time="0">
    <skipped/>
  </testcase>
  <testcase name="beforeTest" classname="com.atmecs.automating_travelsite.tests.HandlingWindow" time="0">
    <skipped/>
  </testcase>
  <testcase name="beforeTest" classname="com.atmecs.automating_travelsite.tests.HandlingWindow" time="0">
    <skipped/>
  </testcase>
  <testcase name="beforeTest" classname="com.atmecs.automating_travelsite.tests.HandlingWindow" time="0">
    <skipped/>
  </testcase>
  <testcase name="beforeTest" classname="com.atmecs.automating_travelsite.tests.HandlingWindow" time="0">
    <skipped/>
  </testcase>
  <testcase name="handlingWindow[shanealfin720@gmail.com, alfinxavier.a](2)" classname="com.atmecs.automating_travelsite.tests.HandlingWindow" time="0">
    <skipped message="expected [https://www.skyscanner.co.in/] but found [https://www.skyscanner.co.in/sttc/px/captcha-v2/index.html?url=Lz8=&amp;uuid=15148ec0-0865-11eb-863a-ad0b18ccb4b0&amp;vid=]"/>
    <system-out><![CDATA[handlingWindow Startded!!
]]></system-out>
  </testcase>
  <testcase name="handlingWindow[shanealfin720@gmail.com, alfinxavier.a](2)" classname="com.atmecs.automating_travelsite.tests.HandlingWindow" time="0">
    <skipped message="expected [https://www.skyscanner.co.in/] but found [https://www.skyscanner.co.in/sttc/px/captcha-v2/index.html?url=Lz8=&amp;uuid=17145660-0865-11eb-ba71-d70f9ea848c2&amp;vid=]"/>
    <system-out><![CDATA[handlingWindow Startded!!
]]></system-out>
  </testcase>
  <testcase name="handlingWindow[shanealfin720@gmail.com, alfinxavier.a](3)" classname="com.atmecs.automating_travelsite.tests.HandlingWindow" time="0">
    <skipped message="expected [https://www.skyscanner.co.in/] but found [https://www.skyscanner.co.in/sttc/px/captcha-v2/index.html?url=Lz8=&amp;uuid=15148ec0-0865-11eb-863a-ad0b18ccb4b0&amp;vid=]"/>
    <system-out><![CDATA[handlingWindow Startded!!
]]></system-out>
  </testcase>
  <testcase name="handlingWindow[shanealfin720@gmail.com, alfinxavier.a](3)" classname="com.atmecs.automating_travelsite.tests.HandlingWindow" time="0">
    <skipped message="expected [https://www.skyscanner.co.in/] but found [https://www.skyscanner.co.in/sttc/px/captcha-v2/index.html?url=Lz8=&amp;uuid=17145660-0865-11eb-ba71-d70f9ea848c2&amp;vid=]"/>
    <system-out><![CDATA[handlingWindow Startded!!
]]></system-out>
  </testcase>
  <testcase name="handlingWindow[shanealfin720@gmail.com, alfinxavier.a](4)" classname="com.atmecs.automating_travelsite.tests.HandlingWindow" time="0">
    <skipped message="expected [https://www.skyscanner.co.in/] but found [https://www.skyscanner.co.in/sttc/px/captcha-v2/index.html?url=Lz8=&amp;uuid=15148ec0-0865-11eb-863a-ad0b18ccb4b0&amp;vid=]"/>
    <system-out><![CDATA[handlingWindow Startded!!
]]></system-out>
  </testcase>
  <testcase name="handlingWindow[shanealfin720@gmail.com, alfinxavier.a](4)" classname="com.atmecs.automating_travelsite.tests.HandlingWindow" time="0">
    <skipped message="expected [https://www.skyscanner.co.in/] but found [https://www.skyscanner.co.in/sttc/px/captcha-v2/index.html?url=Lz8=&amp;uuid=17145660-0865-11eb-ba71-d70f9ea848c2&amp;vid=]"/>
    <system-out><![CDATA[handlingWindow Startded!!
]]></system-out>
  </testcase>
  <testcase name="handlingWindow[shanealfin720@gmail.com, alfinxavier.a](5)" classname="com.atmecs.automating_travelsite.tests.HandlingWindow" time="0">
    <skipped message="expected [https://www.skyscanner.co.in/] but found [https://www.skyscanner.co.in/sttc/px/captcha-v2/index.html?url=Lz8=&amp;uuid=15148ec0-0865-11eb-863a-ad0b18ccb4b0&amp;vid=]"/>
    <system-out><![CDATA[handlingWindow Startded!!
]]></system-out>
  </testcase>
  <testcase name="handlingWindow[shanealfin720@gmail.com, alfinxavier.a](5)" classname="com.atmecs.automating_travelsite.tests.HandlingWindow" time="0">
    <skipped message="expected [https://www.skyscanner.co.in/] but found [https://www.skyscanner.co.in/sttc/px/captcha-v2/index.html?url=Lz8=&amp;uuid=17145660-0865-11eb-ba71-d70f9ea848c2&amp;vid=]"/>
    <system-out><![CDATA[handlingWindow Startded!!
]]></system-out>
  </testcase>
  <testcase name="beforeTest[firefox](0)" classname="com.atmecs.automating_travelsite.tests.HandlingWindow" time="3.399">
    <failure message="expected [https://www.skyscanner.co.in/] but found [https://www.skyscanner.co.in/sttc/px/captcha-v2/index.html?url=Lz8=&amp;uuid=17145660-0865-11eb-ba71-d70f9ea848c2&amp;vid=]" type="java.lang.AssertionError"><![CDATA[java.lang.AssertionError: expected [https://www.skyscanner.co.in/] but found [https://www.skyscanner.co.in/sttc/px/captcha-v2/index.html?url=Lz8=&uuid=17145660-0865-11eb-ba71-d70f9ea848c2&vid=]
]]></failure>
    <system-out><![CDATA[https://www.skyscanner.co.in/sttc/px/captcha-v2/index.html?url=Lz8=&uuid=17145660-0865-11eb-ba71-d70f9ea848c2&vid=
]]></system-out>
    <system-err><![CDATA[1602051582342	Marionette	INFO	Listening on port 53876
1602051582830	Marionette	WARN	TLS certificate errors will be ignored for this session
Oct 07, 2020 11:49:42 AM org.openqa.selenium.remote.ProtocolHandshake createSession
INFO: Detected dialect: W3C
]]></system-err>
  </testcase>
</testsuite>