<?xml version="1.0" encoding="UTF-8"?>
<!-- Generated by org.testng.reporters.JUnitReportReporter -->
<testsuite hostname="ATMECSINLT-601" failures="0" tests="6" name="com.atmecs.automating_travelsite.tests.HandlingWindow" time="146.381" errors="0" timestamp="2020-09-29T10:31:29 IST" skipped="0">
  <testcase classname="com.atmecs.automating_travelsite.tests.HandlingWindow" name="handlingWindow" time="26.013"/>
  <system-out/>
  <testcase classname="com.atmecs.automating_travelsite.tests.HandlingWindow" name="handlingWindow" time="20.656"/>
  <system-out/>
  <testcase classname="com.atmecs.automating_travelsite.tests.HandlingWindow" name="handlingWindow" time="21.586"/>
  <system-out/>
  <testcase classname="com.atmecs.automating_travelsite.tests.HandlingWindow" name="handlingWindow" time="17.072"/>
  <system-out/>
  <testcase classname="com.atmecs.automating_travelsite.tests.HandlingWindow" name="handlingWindow" time="39.946"/>
  <system-out/>
  <testcase classname="com.atmecs.automating_travelsite.tests.HandlingWindow" name="handlingWindow" time="21.108"/>
  <system-out/>
</testsuite> <!-- com.atmecs.automating_travelsite.tests.HandlingWindow -->
