<?xml version="1.0" encoding="UTF-8"?>
<!-- Generated by org.testng.reporters.JUnitReportReporter -->
<testsuite hostname="ATMECSINLT-601" failures="1" tests="6" name="com.atmecs.automating_travelsite.tests.HandlingWindow" time="6.993" errors="0" timestamp="2020-10-05T14:57:47 IST" skipped="5">
  <testcase classname="com.atmecs.automating_travelsite.tests.HandlingWindow" name="handlingWindow" time="0.000">
    <skipped/>
  </testcase> <!-- handlingWindow -->
  <system-out/>
  <testcase classname="com.atmecs.automating_travelsite.tests.HandlingWindow" name="beforeTest" time="6.993">
    <failure message="expected [https://www.skyscanner.co.in/] but found [https://www.skyscanner.co.in/sttc/px/captcha-v2/index.html?url=Lz8=&amp;uuid=06c7df30-06ed-11eb-bcab-034215376a51&amp;vid=]" type="java.lang.AssertionError">
      <![CDATA[java.lang.AssertionError: expected [https://www.skyscanner.co.in/] but found [https://www.skyscanner.co.in/sttc/px/captcha-v2/index.html?url=Lz8=&uuid=06c7df30-06ed-11eb-bcab-034215376a51&vid=]
at org.testng.Assert.fail(Assert.java:97)
at org.testng.Assert.assertEqualsImpl(Assert.java:136)
at org.testng.Assert.assertEquals(Assert.java:118)
at org.testng.Assert.assertEquals(Assert.java:575)
at org.testng.Assert.assertEquals(Assert.java:585)
at com.atmecs.automating_travelsite.basetest.BaseTest.beforeTest(BaseTest.java:53)
at java.base/jdk.internal.reflect.NativeMethodAccessorImpl.invoke0(Native Method)
at java.base/jdk.internal.reflect.NativeMethodAccessorImpl.invoke(NativeMethodAccessorImpl.java:62)
at java.base/jdk.internal.reflect.DelegatingMethodAccessorImpl.invoke(DelegatingMethodAccessorImpl.java:43)
at java.base/java.lang.reflect.Method.invoke(Method.java:564)
at org.testng.internal.MethodInvocationHelper.invokeMethod(MethodInvocationHelper.java:135)
at org.testng.internal.MethodInvocationHelper.invokeMethodConsideringTimeout(MethodInvocationHelper.java:64)
at org.testng.internal.ConfigInvoker.invokeConfigurationMethod(ConfigInvoker.java:364)
at org.testng.internal.ConfigInvoker.invokeConfigurations(ConfigInvoker.java:318)
at org.testng.internal.TestInvoker.runConfigMethods(TestInvoker.java:700)
at org.testng.internal.TestInvoker.invokeMethod(TestInvoker.java:527)
at org.testng.internal.TestInvoker.invokeTestMethod(TestInvoker.java:174)
at org.testng.internal.MethodRunner.runInSequence(MethodRunner.java:46)
at org.testng.internal.TestInvoker$MethodInvocationAgent.invoke(TestInvoker.java:821)
at org.testng.internal.TestInvoker.invokeTestMethods(TestInvoker.java:147)
at org.testng.internal.TestMethodWorker.invokeTestMethods(TestMethodWorker.java:146)
at org.testng.internal.TestMethodWorker.run(TestMethodWorker.java:128)
at java.base/java.util.ArrayList.forEach(ArrayList.java:1510)
at org.testng.TestRunner.privateRun(TestRunner.java:767)
at org.testng.TestRunner.run(TestRunner.java:588)
at org.testng.SuiteRunner.runTest(SuiteRunner.java:384)
at org.testng.SuiteRunner.runSequentially(SuiteRunner.java:378)
at org.testng.SuiteRunner.privateRun(SuiteRunner.java:337)
at org.testng.SuiteRunner.run(SuiteRunner.java:286)
at org.testng.SuiteRunnerWorker.runSuite(SuiteRunnerWorker.java:53)
at org.testng.SuiteRunnerWorker.run(SuiteRunnerWorker.java:96)
at org.testng.TestNG.runSuitesSequentially(TestNG.java:1214)
at org.testng.TestNG.runSuitesLocally(TestNG.java:1136)
at org.testng.TestNG.runSuites(TestNG.java:1066)
at org.testng.TestNG.run(TestNG.java:1034)
at org.testng.remote.AbstractRemoteTestNG.run(AbstractRemoteTestNG.java:115)
at org.testng.remote.RemoteTestNG.initAndRun(RemoteTestNG.java:251)
at org.testng.remote.RemoteTestNG.main(RemoteTestNG.java:77)
]]>
    </failure>
  </testcase> <!-- beforeTest -->
  <system-out/>
  <testcase classname="com.atmecs.automating_travelsite.tests.HandlingWindow" name="handlingWindow" time="0.000">
    <skipped/>
  </testcase> <!-- handlingWindow -->
  <system-out/>
  <testcase classname="com.atmecs.automating_travelsite.tests.HandlingWindow" name="handlingWindow" time="0.000">
    <skipped/>
  </testcase> <!-- handlingWindow -->
  <system-out/>
  <testcase classname="com.atmecs.automating_travelsite.tests.HandlingWindow" name="handlingWindow" time="0.000">
    <skipped/>
  </testcase> <!-- handlingWindow -->
  <system-out/>
  <testcase classname="com.atmecs.automating_travelsite.tests.HandlingWindow" name="handlingWindow" time="0.000">
    <skipped/>
  </testcase> <!-- handlingWindow -->
  <system-out/>
</testsuite> <!-- com.atmecs.automating_travelsite.tests.HandlingWindow -->
