<?xml version="1.0" encoding="UTF-8"?>
<!-- Generated by org.testng.reporters.JUnitReportReporter -->
<testsuite hostname="ATMECSINLT-601" failures="0" tests="6" name="com.atmecs.automating_travelsite.tests.HandlingWindow" time="217.199" errors="0" timestamp="2020-09-29T19:46:19 IST" skipped="0">
  <testcase classname="com.atmecs.automating_travelsite.tests.HandlingWindow" name="handlingWindow" time="20.123"/>
  <system-out/>
  <testcase classname="com.atmecs.automating_travelsite.tests.HandlingWindow" name="handlingWindow" time="16.182"/>
  <system-out/>
  <testcase classname="com.atmecs.automating_travelsite.tests.HandlingWindow" name="handlingWindow" time="128.563"/>
  <system-out/>
  <testcase classname="com.atmecs.automating_travelsite.tests.HandlingWindow" name="handlingWindow" time="15.964"/>
  <system-out/>
  <testcase classname="com.atmecs.automating_travelsite.tests.HandlingWindow" name="handlingWindow" time="18.453"/>
  <system-out/>
  <testcase classname="com.atmecs.automating_travelsite.tests.HandlingWindow" name="handlingWindow" time="17.914"/>
  <system-out/>
</testsuite> <!-- com.atmecs.automating_travelsite.tests.HandlingWindow -->
