<?xml version="1.0" encoding="UTF-8"?>
<!-- Generated by org.testng.reporters.JUnitReportReporter -->
<testsuite hostname="ATMECSINLT-601" failures="0" tests="6" name="com.atmecs.automating_travelsite.tests.HandlingWindow" time="218.539" errors="0" timestamp="2020-09-29T16:18:42 IST" skipped="0">
  <testcase classname="com.atmecs.automating_travelsite.tests.HandlingWindow" name="handlingWindow" time="22.086"/>
  <system-out/>
  <testcase classname="com.atmecs.automating_travelsite.tests.HandlingWindow" name="handlingWindow" time="40.403"/>
  <system-out/>
  <testcase classname="com.atmecs.automating_travelsite.tests.HandlingWindow" name="handlingWindow" time="29.100"/>
  <system-out/>
  <testcase classname="com.atmecs.automating_travelsite.tests.HandlingWindow" name="handlingWindow" time="36.020"/>
  <system-out/>
  <testcase classname="com.atmecs.automating_travelsite.tests.HandlingWindow" name="handlingWindow" time="57.327"/>
  <system-out/>
  <testcase classname="com.atmecs.automating_travelsite.tests.HandlingWindow" name="handlingWindow" time="33.603"/>
  <system-out/>
</testsuite> <!-- com.atmecs.automating_travelsite.tests.HandlingWindow -->
