<?xml version="1.0" encoding="UTF-8"?>
<!-- Generated by org.testng.reporters.JUnitReportReporter -->
<testsuite hostname="ATMECSINLT-601" failures="0" tests="5" name="com.atmecs.automating_travelsite.tests.SearchingFlight" time="123.188" errors="0" timestamp="2020-10-01T14:15:18 IST" skipped="0">
  <testcase classname="com.atmecs.automating_travelsite.tests.SearchingFlight" name="searchingFlight" time="24.629"/>
  <system-out/>
  <testcase classname="com.atmecs.automating_travelsite.tests.SearchingFlight" name="searchingFlight" time="20.050"/>
  <system-out/>
  <testcase classname="com.atmecs.automating_travelsite.tests.SearchingFlight" name="searchingFlight" time="31.074"/>
  <system-out/>
  <testcase classname="com.atmecs.automating_travelsite.tests.SearchingFlight" name="searchingFlight" time="26.523"/>
  <system-out/>
  <testcase classname="com.atmecs.automating_travelsite.tests.SearchingFlight" name="searchingFlight" time="20.912"/>
  <system-out/>
</testsuite> <!-- com.atmecs.automating_travelsite.tests.SearchingFlight -->
