<?xml version="1.0" encoding="UTF-8"?>
<!-- Generated by org.testng.reporters.JUnitReportReporter -->
<testsuite hostname="ATMECSINLT-601" failures="0" tests="6" name="com.atmecs.automating_travelsite.tests.SearchingFlight" time="98.863" errors="0" timestamp="2020-09-29T19:56:48 IST" skipped="0">
  <testcase classname="com.atmecs.automating_travelsite.tests.SearchingFlight" name="searchingFlight" time="17.006"/>
  <system-out/>
  <testcase classname="com.atmecs.automating_travelsite.tests.SearchingFlight" name="searchingFlight" time="11.746"/>
  <system-out/>
  <testcase classname="com.atmecs.automating_travelsite.tests.SearchingFlight" name="searchingFlight" time="21.864"/>
  <system-out/>
  <testcase classname="com.atmecs.automating_travelsite.tests.SearchingFlight" name="searchingFlight" time="13.734"/>
  <system-out/>
  <testcase classname="com.atmecs.automating_travelsite.tests.SearchingFlight" name="searchingFlight" time="19.544"/>
  <system-out/>
  <testcase classname="com.atmecs.automating_travelsite.tests.SearchingFlight" name="searchingFlight" time="14.969"/>
  <system-out/>
</testsuite> <!-- com.atmecs.automating_travelsite.tests.SearchingFlight -->
