<?xml version="1.0" encoding="UTF-8"?>
<!-- Generated by org.testng.reporters.JUnitReportReporter -->
<testsuite hostname="ATMECSINLT-601" failures="0" tests="5" name="com.atmecs.automating_travelsite.tests.SearchingFlight" time="75.555" errors="0" timestamp="2020-10-06T12:43:14 IST" skipped="0">
  <testcase classname="com.atmecs.automating_travelsite.tests.SearchingFlight" name="searchingFlight" time="13.561"/>
  <system-out/>
  <testcase classname="com.atmecs.automating_travelsite.tests.SearchingFlight" name="searchingFlight" time="19.070"/>
  <system-out/>
  <testcase classname="com.atmecs.automating_travelsite.tests.SearchingFlight" name="searchingFlight" time="12.837"/>
  <system-out/>
  <testcase classname="com.atmecs.automating_travelsite.tests.SearchingFlight" name="searchingFlight" time="12.690"/>
  <system-out/>
  <testcase classname="com.atmecs.automating_travelsite.tests.SearchingFlight" name="searchingFlight" time="17.397"/>
  <system-out/>
</testsuite> <!-- com.atmecs.automating_travelsite.tests.SearchingFlight -->
